<?xml version="1.0" encoding="UTF-8"?>
<!-- Generated by org.testng.reporters.JUnitReportReporter -->
<testsuite hostname="DESKTOP-B4CBSLC" failures="0" tests="1" name="Lec29_SumValidation" time="3.201" errors="0" timestamp="2023-07-15T16:15:08 IST" skipped="0">
  <testcase classname="Lec29_SumValidation" name="sumofcourses" time="3.201"/>
</testsuite> <!-- Lec29_SumValidation -->
